# JRE version: Java(TM) SE Runtime Environment (8.0_92-b14) (build 1.8.0_92-b14)
# Java VM: Java HotSpot(TM) Client VM (25.92-b14 mixed mode windows-x86 )
Heap:
 def new generation   total 4928K, used 1639K [0x03e00000, 0x04350000, 0x09350000)
  eden space 4416K,  26% used [0x03e00000, 0x03f24748, 0x04250000)
  from space 512K,  91% used [0x04250000, 0x042c54e8, 0x042d0000)
  to   space 512K,   0% used [0x042d0000, 0x042d0000, 0x04350000)
 tenured generation   total 10944K, used 9668K [0x09350000, 0x09e00000, 0x13e00000)
   the space 10944K,  88% used [0x09350000, 0x09cc1200, 0x09cc1200, 0x09e00000)
 Metaspace       used 9557K, capacity 9725K, committed 9856K, reserved 10624K
GC Heap History (10 events):
Event: 0.900 GC heap before
{Heap before GC invocations=5 (full 0):
 def new generation   total 4928K, used 4927K [0x03e00000, 0x04350000, 0x09350000)
  eden space 4416K,  99% used [0x03e00000, 0x0424fed8, 0x04250000)
  from space 512K, 100% used [0x042d0000, 0x04350000, 0x04350000)
  to   space 512K,   0% used [0x04250000, 0x04250000, 0x042d0000)
 tenured generation   total 10944K, used 6222K [0x09350000, 0x09e00000, 0x13e00000)
   the space 10944K,  56% used [0x09350000, 0x09963aa8, 0x09963c00, 0x09e00000)
 Metaspace       used 7566K, capacity 7736K, committed 7808K, reserved 8576K
Event: 0.907 GC heap after
Heap after GC invocations=6 (full 0):
 def new generation   total 4928K, used 512K [0x03e00000, 0x04350000, 0x09350000)
  eden space 4416K,   0% used [0x03e00000, 0x03e00000, 0x04250000)
  from space 512K, 100% used [0x04250000, 0x042d0000, 0x042d0000)
  to   space 512K,   0% used [0x042d0000, 0x042d0000, 0x04350000)
 tenured generation   total 10944K, used 7397K [0x09350000, 0x09e00000, 0x13e00000)
   the space 10944K,  67% used [0x09350000, 0x09a89408, 0x09a89600, 0x09e00000)
 Metaspace       used 7566K, capacity 7736K, committed 7808K, reserved 8576K
}
Event: 0.985 GC heap before
{Heap before GC invocations=6 (full 0):
 def new generation   total 4928K, used 4928K [0x03e00000, 0x04350000, 0x09350000)
  eden space 4416K, 100% used [0x03e00000, 0x04250000, 0x04250000)
  from space 512K, 100% used [0x04250000, 0x042d0000, 0x042d0000)
  to   space 512K,   0% used [0x042d0000, 0x042d0000, 0x04350000)
 tenured generation   total 10944K, used 7397K [0x09350000, 0x09e00000, 0x13e00000)
   the space 10944K,  67% used [0x09350000, 0x09a89408, 0x09a89600, 0x09e00000)
 Metaspace       used 7983K, capacity 8155K, committed 8192K, reserved 8576K
Event: 0.990 GC heap after
Heap after GC invocations=7 (full 0):
 def new generation   total 4928K, used 511K [0x03e00000, 0x04350000, 0x09350000)
  eden space 4416K,   0% used [0x03e00000, 0x03e00000, 0x04250000)
  from space 512K,  99% used [0x042d0000, 0x0434fff8, 0x04350000)
  to   space 512K,   0% used [0x04250000, 0x04250000, 0x042d0000)
 tenured generation   total 10944K, used 8116K [0x09350000, 0x09e00000, 0x13e00000)
   the space 10944K,  74% used [0x09350000, 0x09b3d2d8, 0x09b3d400, 0x09e00000)
 Metaspace       used 7983K, capacity 8155K, committed 8192K, reserved 8576K
}
Event: 1.598 GC heap before
{Heap before GC invocations=7 (full 0):
 def new generation   total 4928K, used 4927K [0x03e00000, 0x04350000, 0x09350000)
  eden space 4416K, 100% used [0x03e00000, 0x04250000, 0x04250000)
  from space 512K,  99% used [0x042d0000, 0x0434fff8, 0x04350000)
  to   space 512K,   0% used [0x04250000, 0x04250000, 0x042d0000)
 tenured generation   total 10944K, used 8116K [0x09350000, 0x09e00000, 0x13e00000)
   the space 10944K,  74% used [0x09350000, 0x09b3d2d8, 0x09b3d400, 0x09e00000)
 Metaspace       used 8734K, capacity 8891K, committed 8960K, reserved 9600K
Event: 1.601 GC heap after
Heap after GC invocations=8 (full 0):
 def new generation   total 4928K, used 512K [0x03e00000, 0x04350000, 0x09350000)
  eden space 4416K,   0% used [0x03e00000, 0x03e00000, 0x04250000)
  from space 512K, 100% used [0x04250000, 0x042d0000, 0x042d0000)
  to   space 512K,   0% used [0x042d0000, 0x042d0000, 0x04350000)
 tenured generation   total 10944K, used 8796K [0x09350000, 0x09e00000, 0x13e00000)
   the space 10944K,  80% used [0x09350000, 0x09be70e0, 0x09be7200, 0x09e00000)
 Metaspace       used 8734K, capacity 8891K, committed 8960K, reserved 9600K
}
Event: 3.670 GC heap before
{Heap before GC invocations=8 (full 0):
 def new generation   total 4928K, used 4928K [0x03e00000, 0x04350000, 0x09350000)
  eden space 4416K, 100% used [0x03e00000, 0x04250000, 0x04250000)
  from space 512K, 100% used [0x04250000, 0x042d0000, 0x042d0000)
  to   space 512K,   0% used [0x042d0000, 0x042d0000, 0x04350000)
 tenured generation   total 10944K, used 8796K [0x09350000, 0x09e00000, 0x13e00000)
   the space 10944K,  80% used [0x09350000, 0x09be70e0, 0x09be7200, 0x09e00000)
 Metaspace       used 9397K, capacity 9563K, committed 9600K, reserved 9600K
Event: 3.673 GC heap after
Heap after GC invocations=9 (full 0):
 def new generation   total 4928K, used 511K [0x03e00000, 0x04350000, 0x09350000)
  eden space 4416K,   0% used [0x03e00000, 0x03e00000, 0x04250000)
  from space 512K,  99% used [0x042d0000, 0x0434fff8, 0x04350000)
  to   space 512K,   0% used [0x04250000, 0x04250000, 0x042d0000)
 tenured generation   total 10944K, used 9508K [0x09350000, 0x09e00000, 0x13e00000)
   the space 10944K,  86% used [0x09350000, 0x09c993c8, 0x09c99400, 0x09e00000)
 Metaspace       used 9397K, capacity 9563K, committed 9600K, reserved 9600K
}
Event: 49.999 GC heap before
{Heap before GC invocations=9 (full 0):
 def new generation   total 4928K, used 4927K [0x03e00000, 0x04350000, 0x09350000)
  eden space 4416K, 100% used [0x03e00000, 0x04250000, 0x04250000)
  from space 512K,  99% used [0x042d0000, 0x0434fff8, 0x04350000)
  to   space 512K,   0% used [0x04250000, 0x04250000, 0x042d0000)
 tenured generation   total 10944K, used 9508K [0x09350000, 0x09e00000, 0x13e00000)
   the space 10944K,  86% used [0x09350000, 0x09c993c8, 0x09c99400, 0x09e00000)
 Metaspace       used 9547K, capacity 9725K, committed 9856K, reserved 10624K
Event: 50.004 GC heap after
Heap after GC invocations=10 (full 0):
 def new generation   total 4928K, used 469K [0x03e00000, 0x04350000, 0x09350000)
  eden space 4416K,   0% used [0x03e00000, 0x03e00000, 0x04250000)
  from space 512K,  91% used [0x04250000, 0x042c54e8, 0x042d0000)
  to   space 512K,   0% used [0x042d0000, 0x042d0000, 0x04350000)
 tenured generation   total 10944K, used 9668K [0x09350000, 0x09e00000, 0x13e00000)
   the space 10944K,  88% used [0x09350000, 0x09cc1200, 0x09cc1200, 0x09e00000)
 Metaspace       used 9547K, capacity 9725K, committed 9856K, reserved 10624K
}

