<?xml version="1.0" encoding="UTF-8"?>
<testsuite name="Test"
           tests="5"
           failures="0"
           errors="0"
           skipped="0"
           time="84.447">
  <properties />
  
  
            <testcase name="testdatarmblank" time="14.253" classname="testcases.AddDataroomNg" />
                <testcase name="testAddpeople" time="20.021" classname="testcases.AddDataroomNg" />
                <testcase name="testdatarm" time="16.366" classname="testcases.AddDataroomNg" />
                <testcase name="testdiscription" time="18.002" classname="testcases.AddDataroomNg" />
                <testcase name="testdatarmcancel" time="15.805" classname="testcases.AddDataroomNg" />
      
</testsuite>
