<?xml version="1.0" encoding="UTF-8"?>
<testng-results skipped="0" failed="0" total="1" passed="1">
  <reporter-output>
  </reporter-output>
  <suite name="Default suite" duration-ms="13365" started-at="2016-08-24T06:07:48Z" finished-at="2016-08-24T06:08:01Z">
    <groups>
    </groups>
    <test name="Default test" duration-ms="13365" started-at="2016-08-24T06:07:48Z" finished-at="2016-08-24T06:08:01Z">
      <class name="testcases.LoginNg">
        <test-method status="PASS" signature="beforeMethod()[pri:0, instance:testcases.LoginNg@c87b21]" name="beforeMethod" is-config="true" duration-ms="7063" started-at="2016-08-24T11:37:48Z" finished-at="2016-08-24T11:37:55Z">
          <reporter-output>
          </reporter-output>
        </test-method> <!-- beforeMethod -->
        <test-method status="PASS" signature="testLogin()[pri:0, instance:testcases.LoginNg@c87b21]" name="testLogin" duration-ms="3930" started-at="2016-08-24T11:37:55Z" finished-at="2016-08-24T11:37:59Z">
          <reporter-output>
          </reporter-output>
        </test-method> <!-- testLogin -->
        <test-method status="PASS" signature="afterMethod()[pri:0, instance:testcases.LoginNg@c87b21]" name="afterMethod" is-config="true" duration-ms="2355" started-at="2016-08-24T11:37:59Z" finished-at="2016-08-24T11:38:01Z">
          <reporter-output>
          </reporter-output>
        </test-method> <!-- afterMethod -->
      </class> <!-- testcases.LoginNg -->
    </test> <!-- Default test -->
  </suite> <!-- Default suite -->
</testng-results>
