<?xml version="1.0" encoding="UTF-8"?>
<testng-results skipped="0" failed="0" total="2" passed="2">
  <reporter-output>
  </reporter-output>
  <suite name="Default suite" duration-ms="68487" started-at="2016-08-04T09:29:19Z" finished-at="2016-08-04T09:30:27Z">
    <groups>
    </groups>
    <test name="Default test" duration-ms="68487" started-at="2016-08-04T09:29:19Z" finished-at="2016-08-04T09:30:27Z">
      <class name="testcases.EditDataroom">
        <test-method status="PASS" signature="f(java.lang.String)[pri:0, instance:testcases.EditDataroom@eff760]" name="f" duration-ms="32122" started-at="2016-08-04T14:59:19Z" data-provider="email" finished-at="2016-08-04T14:59:51Z">
          <params>
            <param index="0">
              <value>
                <![CDATA[anuj@ravabe.com]]>
              </value>
            </param>
          </params>
          <reporter-output>
          </reporter-output>
        </test-method> <!-- f -->
        <test-method status="PASS" signature="f(java.lang.String)[pri:0, instance:testcases.EditDataroom@eff760]" name="f" duration-ms="35956" started-at="2016-08-04T14:59:51Z" data-provider="email" finished-at="2016-08-04T15:00:27Z">
          <params>
            <param index="0">
              <value>
                <![CDATA[keshav@ravabe.com]]>
              </value>
            </param>
          </params>
          <reporter-output>
          </reporter-output>
        </test-method> <!-- f -->
      </class> <!-- testcases.EditDataroom -->
    </test> <!-- Default test -->
  </suite> <!-- Default suite -->
</testng-results>
